192
['typing/56676.txt', 'typing/17531.txt', 'typing/74047.txt', 'operator/32605.txt']
['operator/13376.txt', 'operator/27495.txt', 'typing/12810.txt', 'syntax/12780.txt']
['syntax/27543.txt', 'operator/30204.txt', 'operator/17130.txt', 'operator/22087.txt']
['typing/27512.txt', 'syntax/42375.txt', 'syntax/18440.txt', 'operator/20978.txt']
['operator/29055.txt', 'typing/31021.txt', 'syntax/50821.txt', 'gpu/47138.txt']
['syntax/51176.txt', 'typing/8560.txt', 'gpu/63923.txt', 'operator/56162.txt']
['operator/48674.txt', 'typing/17662.txt', 'operator/17449.txt', 'operator/73737.txt']
['operator/65652.txt', 'syntax/68221.txt', 'typing/11057.txt', 'syntax/46703.txt']
['syntax/31864.txt', 'typing/16326.txt', 'syntax/22483.txt', 'operator/20862.txt']
['gpu/82889.txt', 'operator/15669.txt', 'syntax/40529.txt', 'syntax/47304.txt']
['syntax/37668.txt', 'gpu/28280.txt', 'operator/43039.txt', 'syntax/33473.txt']
['typing/73228.txt', 'operator/27551.txt', 'operator/35565.txt', 'operator/11504.txt']
['operator/50454.txt', 'operator/10873.txt', 'typing/16856.txt', 'operator/38555.txt']
['syntax/46964.txt', 'syntax/25043.txt', 'syntax/40713.txt', 'syntax/7818.txt']
['operator/20215.txt', 'syntax/12365.txt', 'typing/39449.txt', 'syntax/52676.txt']
['syntax/61176.txt', 'typing/17140.txt', 'operator/78787.txt', 'syntax/46682.txt']
['operator/13566.txt', 'typing/6734.txt', 'syntax/26437.txt', 'syntax/51040.txt']
['syntax/27493.txt', 'syntax/37516.txt', 'operator/19363.txt', 'syntax/38336.txt']
['syntax/49728.txt', 'operator/10456.txt', 'operator/84092.txt', 'operator/15319.txt']
['operator/14674.txt', 'syntax/76602.txt', 'operator/14590.txt', 'typing/12906.txt']
['operator/15240.txt', 'typing/19348.txt', 'operator/77068.txt', 'operator/65480.txt']
['syntax/24164.txt', 'syntax/18232.txt', 'typing/27569.txt', 'operator/72763.txt']
['typing/8867.txt', 'syntax/30755.txt', 'gpu/13971.txt', 'typing/20017.txt']
['syntax/32139.txt', 'syntax/35948.txt', 'typing/8769.txt', 'syntax/51582.txt']
['operator/51735.txt', 'syntax/75866.txt', 'typing/26036.txt', 'typing/11157.txt']
['operator/33412.txt', 'syntax/51041.txt', 'operator/15135.txt', 'operator/6576.txt']
['operator/26884.txt', 'operator/15216.txt', 'typing/15661.txt', 'typing/43942.txt']
['syntax/12118.txt', 'syntax/41449.txt', 'typing/60258.txt', 'operator/28418.txt']
['operator/17962.txt', 'syntax/17652.txt', 'typing/10632.txt', 'operator/78331.txt']
['operator/41882.txt', 'gpu/83533.txt', 'typing/16284.txt', 'gpu/48200.txt']
['operator/10631.txt', 'operator/13564.txt', 'operator/16285.txt', 'operator/13384.txt']
['operator/28360.txt', 'typing/12364.txt', 'operator/26067.txt', 'syntax/15768.txt']
['syntax/36247.txt', 'syntax/39210.txt', 'typing/44107.txt', 'operator/54873.txt']
['syntax/41448.txt', 'syntax/74056.txt', 'typing/18616.txt', 'typing/47631.txt']
['syntax/73984.txt', 'operator/45902.txt', 'operator/20356.txt', 'operator/20399.txt']
['gpu/22833.txt', 'syntax/39566.txt', 'operator/47528.txt', 'syntax/37530.txt']
['operator/53517.txt', 'operator/29008.txt', 'operator/12290.txt', 'operator/53487.txt']
['syntax/20113.txt', 'operator/19351.txt', 'typing/40350.txt', 'syntax/37286.txt']
['operator/40771.txt', 'syntax/15505.txt', 'syntax/35778.txt', 'typing/24239.txt']
['syntax/11625.txt', 'operator/25360.txt', 'syntax/38728.txt', 'operator/45904.txt']
['syntax/17558.txt', 'operator/6011.txt', 'gpu/4396.txt', 'syntax/21710.txt']
['operator/84873.txt', 'operator/19253.txt', 'syntax/29035.txt', 'gpu/15271.txt']
['operator/86556.txt', 'operator/63987.txt', 'operator/38207.txt', 'syntax/48643.txt']
['syntax/16233.txt', 'operator/16642.txt', 'operator/74626.txt', 'syntax/43619.txt']
['operator/61096.txt', 'operator/54783.txt', 'operator/14483.txt', 'syntax/19314.txt']
['operator/10654.txt', 'gpu/19039.txt', 'syntax/45824.txt', 'syntax/17106.txt']
['syntax/25801.txt', 'typing/52588.txt', 'operator/15409.txt', 'syntax/20615.txt']
['operator/31950.txt', 'operator/8439.txt', 'syntax/16921.txt', 'typing/51023.txt']
